{
  "RSpec": {
    "coverage": {
      "/Users/jlangley/workspaces/complexes/statement-converter/config/environment.rb": [
        null,
        1,
        null,
        null,
        1
      ],
      "/Users/jlangley/workspaces/complexes/statement-converter/config/application.rb": [
        1,
        1,
        1,
        null,
        1,
        null,
        1,
        null,
        null,
        null,
        null,
        1,
        1,
        null,
        null,
        null,
        null,
        null,
        null,
        null,
        null,
        null,
        null,
        null,
        null,
        null,
        null,
        null,
        null,
        null,
        null,
        null,
        null,
        null,
        null,
        null,
        1,
        null,
        null,
        1,
        null,
        null,
        1,
        null,
        null,
        null,
        null,
        null,
        null,
        null,
        null,
        null,
        null,
        1,
        null,
        null,
        1,
        null,
        null,
        1,
        null,
        null
      ],
      "/Users/jlangley/workspaces/complexes/statement-converter/config/boot.rb": [
        1,
        null,
        null,
        1,
        null,
        1
      ],
      "/Users/jlangley/workspaces/complexes/statement-converter/config/environments/test.rb": [
        1,
        null,
        null,
        null,
        null,
        null,
        null,
        1,
        null,
        null,
        1,
        1,
        null,
        null,
        1,
        null,
        null,
        1,
        1,
        null,
        null,
        1,
        null,
        null,
        1,
        null,
        null,
        null,
        null,
        1,
        null,
        null,
        1,
        null,
        null,
        1,
        null
      ],
      "/Users/jlangley/workspaces/complexes/statement-converter/config/initializers/backtrace_silencers.rb": [
        null,
        null,
        null,
        null,
        null,
        null,
        null
      ],
      "/Users/jlangley/workspaces/complexes/statement-converter/config/initializers/griddler.rb": [
        1,
        1,
        1,
        null,
        null,
        null,
        null,
        1,
        1,
        null
      ],
      "/Users/jlangley/workspaces/complexes/statement-converter/app/models/email_processor.rb": [
        1,
        1,
        null,
        1,
        null,
        null,
        6,
        null,
        6,
        5,
        null,
        5,
        9,
        null,
        4,
        2,
        null,
        2,
        2,
        2,
        2,
        2,
        null,
        1,
        2,
        2,
        null,
        null,
        1,
        1,
        null,
        null,
        1,
        1,
        null,
        null,
        null,
        null,
        1,
        null,
        null,
        1,
        null,
        null,
        null,
        1,
        1,
        null,
        1,
        1,
        null,
        null,
        null,
        0,
        0,
        null,
        null,
        1,
        1,
        1,
        1,
        null,
        null,
        1,
        1,
        1,
        null,
        null,
        1,
        null,
        2,
        2,
        2,
        2,
        2,
        2,
        null,
        2,
        58,
        48,
        null,
        null,
        48,
        46,
        46,
        null,
        46,
        2,
        44,
        2,
        null,
        null,
        null,
        null,
        null,
        null,
        2,
        null,
        null,
        2,
        null,
        2,
        16,
        null,
        13,
        13,
        4,
        null,
        null,
        13,
        null,
        13,
        null,
        null,
        null,
        null
      ],
      "/Users/jlangley/workspaces/complexes/statement-converter/config/initializers/inflections.rb": [
        null,
        null,
        null,
        null,
        null,
        null,
        null,
        null,
        null,
        null,
        null,
        null,
        null,
        null,
        null
      ],
      "/Users/jlangley/workspaces/complexes/statement-converter/config/initializers/mime_types.rb": [
        null,
        null,
        null,
        null,
        null
      ],
      "/Users/jlangley/workspaces/complexes/statement-converter/config/initializers/secret_token.rb": [
        null,
        null,
        null,
        null,
        null,
        null,
        1
      ],
      "/Users/jlangley/workspaces/complexes/statement-converter/config/initializers/session_store.rb": [
        null,
        null,
        1,
        null,
        null,
        null,
        null,
        null
      ],
      "/Users/jlangley/workspaces/complexes/statement-converter/config/initializers/wrap_parameters.rb": [
        null,
        null,
        null,
        null,
        null,
        null,
        1,
        1,
        null,
        null,
        null,
        1,
        1,
        null
      ],
      "/Users/jlangley/workspaces/complexes/statement-converter/app/helpers/application_helper.rb": [
        1,
        null
      ],
      "/Users/jlangley/workspaces/complexes/statement-converter/app/helpers/cards_helper.rb": [
        1,
        null
      ],
      "/Users/jlangley/workspaces/complexes/statement-converter/app/controllers/app_controller.rb": [
        1,
        1,
        null,
        1,
        0,
        0,
        null,
        null,
        null
      ],
      "/Users/jlangley/workspaces/complexes/statement-converter/app/controllers/application_controller.rb": [
        1,
        1,
        null
      ],
      "/Users/jlangley/workspaces/complexes/statement-converter/app/controllers/cards_controller.rb": [
        1,
        null,
        null,
        1,
        2,
        null,
        2,
        2,
        2,
        null,
        null,
        null,
        null,
        null,
        1,
        1,
        null,
        1,
        1,
        1,
        null,
        null,
        null,
        null,
        null,
        1,
        1,
        null,
        1,
        1,
        1,
        null,
        null,
        null,
        null,
        1,
        1,
        null,
        null,
        null,
        null,
        1,
        5,
        null,
        5,
        5,
        3,
        6,
        3,
        null,
        4,
        2,
        null,
        null,
        null,
        null,
        null,
        null,
        1,
        5,
        null,
        5,
        5,
        2,
        4,
        2,
        null,
        6,
        3,
        null,
        null,
        null,
        null,
        1,
        0,
        null,
        0,
        0,
        0,
        null,
        null,
        null,
        1,
        0,
        null,
        0,
        null,
        0,
        0,
        0,
        0,
        null,
        0,
        null,
        null,
        0,
        null,
        null,
        null,
        0,
        0,
        null,
        null,
        1,
        null,
        7,
        7,
        null,
        null,
        null,
        null,
        1,
        2,
        2,
        null,
        2,
        null,
        2,
        4,
        2,
        null,
        null,
        null
      ],
      "/Users/jlangley/workspaces/complexes/statement-converter/app/models/card.rb": [
        1,
        1,
        null,
        1,
        null,
        1,
        null
      ],
      "/Users/jlangley/workspaces/complexes/statement-converter/app/mailers/bounce_incoming_mailer.rb": [
        1,
        1,
        null,
        1,
        7,
        null,
        null
      ],
      "/Users/jlangley/workspaces/complexes/statement-converter/app/models/statement_item.rb": [
        1,
        1,
        null,
        1,
        null
      ],
      "/Users/jlangley/workspaces/complexes/statement-converter/spec/factories/card.rb": [
        1,
        null,
        1,
        1,
        2,
        11,
        11,
        null,
        null
      ],
      "/Users/jlangley/workspaces/complexes/statement-converter/spec/factories/incoming_emails.rb": [
        1,
        null,
        1,
        1,
        1,
        1,
        1,
        1,
        4,
        null,
        1,
        1,
        3,
        null,
        null,
        null,
        null,
        null
      ],
      "/Users/jlangley/workspaces/complexes/statement-converter/config/routes.rb": [
        1,
        1,
        1,
        1,
        1,
        null,
        null,
        null,
        1,
        null
      ],
      "/Users/jlangley/workspaces/complexes/statement-converter/spec/helpers/cards_helper_spec.rb": [
        1,
        null,
        null,
        null,
        null,
        null,
        null,
        null,
        null,
        null,
        null,
        null,
        1,
        1,
        null
      ],
      "/Users/jlangley/workspaces/complexes/statement-converter/spec/models/card_spec.rb": [
        1,
        null,
        1,
        1,
        null
      ],
      "/Users/jlangley/workspaces/complexes/statement-converter/spec/models/email_processor_spec.rb": [
        1,
        null,
        1,
        2,
        2,
        null,
        1,
        9,
        null,
        null,
        null,
        null,
        null,
        null,
        null,
        null,
        null,
        1,
        1,
        1,
        1,
        null,
        null,
        1,
        1,
        1,
        1,
        null,
        null,
        1,
        1,
        1,
        1,
        null,
        null,
        1,
        1,
        3,
        null,
        1,
        1,
        null,
        null,
        1,
        1,
        1,
        1,
        null,
        null,
        1,
        1,
        1,
        null,
        1,
        1,
        null,
        1,
        null,
        null,
        1,
        1,
        1,
        1,
        null,
        null,
        1,
        1,
        1,
        null,
        1,
        1,
        1,
        null,
        1,
        1,
        null,
        1,
        1,
        1,
        1,
        1,
        null,
        1,
        1,
        1,
        1,
        1,
        null,
        null
      ],
      "/Users/jlangley/workspaces/complexes/statement-converter/spec/requests/cards_spec.rb": [
        1,
        null,
        1,
        1,
        1,
        null,
        1,
        1,
        null,
        null,
        null
      ],
      "/Users/jlangley/workspaces/complexes/statement-converter/spec/routing/cards_routing_spec.rb": [
        1,
        null,
        1,
        1,
        null,
        1,
        1,
        null,
        null,
        1,
        1,
        null,
        null,
        1,
        1,
        null,
        null,
        1,
        1,
        null,
        null,
        1,
        1,
        null,
        null,
        1,
        1,
        null,
        null,
        1,
        1,
        null,
        null,
        null,
        null
      ],
      "/Users/jlangley/workspaces/complexes/statement-converter/spec/views/cards/edit.html.erb_spec.rb": [
        1,
        null,
        1,
        1,
        1,
        null,
        null,
        1,
        1,
        null,
        null,
        1,
        1,
        1,
        1,
        null,
        null,
        null
      ],
      "/Users/jlangley/workspaces/complexes/statement-converter/spec/views/cards/index.html.erb_spec.rb": [
        1,
        null,
        1,
        1,
        1,
        null,
        null,
        null,
        null,
        null,
        null,
        null,
        null,
        null,
        null,
        null,
        null,
        null,
        1,
        1,
        null,
        1,
        1,
        1,
        null,
        null
      ],
      "/Users/jlangley/workspaces/complexes/statement-converter/spec/views/cards/new.html.erb_spec.rb": [
        1,
        null,
        1,
        1,
        1,
        null,
        null,
        null,
        null,
        null,
        null,
        1,
        1,
        null,
        null,
        1,
        1,
        1,
        1,
        null,
        null,
        null
      ],
      "/Users/jlangley/workspaces/complexes/statement-converter/spec/views/cards/show.html.erb_spec.rb": [
        1,
        null,
        1,
        1,
        1,
        null,
        null,
        null,
        null,
        null,
        null,
        1,
        1,
        null,
        1,
        1,
        1,
        null,
        null
      ]
    },
    "timestamp": 1390330771
  }
}
